<?xml version="1.0" encoding="UTF-8"?>
<testsuite xmlns:xsi="http://www.w3.org/2001/XMLSchema-instance" xsi:noNamespaceSchemaLocation="https://maven.apache.org/surefire/maven-surefire-plugin/xsd/surefire-test-report-3.0.xsd" version="3.0" name="com.lubesoft.db.DatabaseManagerTest" time="0.02" tests="5" errors="0" skipped="0" failures="0">
  <properties>
[...]
</properties>
  <testcase name="testGetConnectionReturnsValidConnection" classname="com.lubesoft.db.DatabaseManagerTest" time="0.002"/>
  <testcase name="testWalModeIsEnabled" classname="com.lubesoft.db.DatabaseManagerTest" time="0.002"/>
  <testcase name="testInitializerCreatesAllTables" classname="com.lubesoft.db.DatabaseManagerTest" time="0.007"/>
  <testcase name="testAdminUserSeeded" classname="com.lubesoft.db.DatabaseManagerTest" time="0.005"/>
  <testcase name="testSingletonPattern" classname="com.lubesoft.db.DatabaseManagerTest" time="0.001"/>
</testsuite>